Determining if the pthread_create exist failed with the following output:
Change Dir: /home/nvidia/workspaceROS/RoboND-HomeServiceRobot/catkin_ws/build/CMakeFiles/CMakeTmp

Run Build Command:"/usr/bin/make" "cmTC_38ec3/fast"
/usr/bin/make -f CMakeFiles/cmTC_38ec3.dir/build.make CMakeFiles/cmTC_38ec3.dir/build
make[1]: se entra en el directorio '/home/nvidia/workspaceROS/RoboND-HomeServiceRobot/catkin_ws/build/CMakeFiles/CMakeTmp'
Building C object CMakeFiles/cmTC_38ec3.dir/CheckSymbolExists.c.o
/usr/bin/cc     -o CMakeFiles/cmTC_38ec3.dir/CheckSymbolExists.c.o   -c /home/nvidia/workspaceROS/RoboND-HomeServiceRobot/catkin_ws/build/CMakeFiles/CMakeTmp/CheckSymbolExists.c
Linking C executable cmTC_38ec3
/usr/bin/cmake -E cmake_link_script CMakeFiles/cmTC_38ec3.dir/link.txt --verbose=1
/usr/bin/cc       CMakeFiles/cmTC_38ec3.dir/CheckSymbolExists.c.o  -o cmTC_38ec3 -rdynamic 
CMakeFiles/cmTC_38ec3.dir/CheckSymbolExists.c.o: En la funci√≥n `main':
CheckSymbolExists.c:(.text+0x14): referencia a `pthread_create' sin definir
CheckSymbolExists.c:(.text+0x18): referencia a `pthread_create' sin definir
collect2: error: ld returned 1 exit status
CMakeFiles/cmTC_38ec3.dir/build.make:97: fallo en las instrucciones para el objetivo 'cmTC_38ec3'
make[1]: *** [cmTC_38ec3] Error 1
make[1]: se sale del directorio '/home/nvidia/workspaceROS/RoboND-HomeServiceRobot/catkin_ws/build/CMakeFiles/CMakeTmp'
Makefile:126: fallo en las instrucciones para el objetivo 'cmTC_38ec3/fast'
make: *** [cmTC_38ec3/fast] Error 2

File /home/nvidia/workspaceROS/RoboND-HomeServiceRobot/catkin_ws/build/CMakeFiles/CMakeTmp/CheckSymbolExists.c:
/* */
#include <pthread.h>

int main(int argc, char** argv)
{
  (void)argv;
#ifndef pthread_create
  return ((int*)(&pthread_create))[argc];
#else
  (void)argc;
  return 0;
#endif
}

Determining if the function pthread_create exists in the pthreads failed with the following output:
Change Dir: /home/nvidia/workspaceROS/RoboND-HomeServiceRobot/catkin_ws/build/CMakeFiles/CMakeTmp

Run Build Command:"/usr/bin/make" "cmTC_74f43/fast"
/usr/bin/make -f CMakeFiles/cmTC_74f43.dir/build.make CMakeFiles/cmTC_74f43.dir/build
make[1]: se entra en el directorio '/home/nvidia/workspaceROS/RoboND-HomeServiceRobot/catkin_ws/build/CMakeFiles/CMakeTmp'
Building C object CMakeFiles/cmTC_74f43.dir/CheckFunctionExists.c.o
/usr/bin/cc    -DCHECK_FUNCTION_EXISTS=pthread_create   -o CMakeFiles/cmTC_74f43.dir/CheckFunctionExists.c.o   -c /usr/share/cmake-3.5/Modules/CheckFunctionExists.c
Linking C executable cmTC_74f43
/usr/bin/cmake -E cmake_link_script CMakeFiles/cmTC_74f43.dir/link.txt --verbose=1
/usr/bin/cc   -DCHECK_FUNCTION_EXISTS=pthread_create    CMakeFiles/cmTC_74f43.dir/CheckFunctionExists.c.o  -o cmTC_74f43 -rdynamic -lpthreads 
/usr/bin/ld: no se puede encontrar -lpthreads
collect2: error: ld returned 1 exit status
CMakeFiles/cmTC_74f43.dir/build.make:97: fallo en las instrucciones para el objetivo 'cmTC_74f43'
make[1]: *** [cmTC_74f43] Error 1
make[1]: se sale del directorio '/home/nvidia/workspaceROS/RoboND-HomeServiceRobot/catkin_ws/build/CMakeFiles/CMakeTmp'
Makefile:126: fallo en las instrucciones para el objetivo 'cmTC_74f43/fast'
make: *** [cmTC_74f43/fast] Error 2


